c:\users\16118\desktop\stk二次开发\stk-inhand\qtnew\qtnew\x64\debug\qtnew.pch
c:\users\16118\desktop\stk二次开发\stk-inhand\qtnew\qtnew\x64\debug\vc143.pdb
c:\users\16118\desktop\stk二次开发\stk-inhand\qtnew\qtnew\x64\debug\vc143.idb
c:\users\16118\desktop\stk二次开发\stk-inhand\qtnew\qtnew\x64\debug\stdafx.obj
c:\users\16118\desktop\stk二次开发\stk-inhand\qtnew\qtnew\x64\debug\qstkearth.obj
c:\users\16118\desktop\stk二次开发\stk-inhand\qtnew\qtnew\x64\debug\main.obj
c:\users\16118\desktop\stk二次开发\stk-inhand\qtnew\qtnew\x64\debug\stk.obj
c:\users\16118\desktop\stk二次开发\stk-inhand\qtnew\qtnew\x64\debug\qtnew.obj
c:\users\16118\desktop\stk二次开发\stk-inhand\qtnew\qtnew\x64\debug\qrc_qtnew.obj
c:\users\16118\desktop\stk二次开发\stk-inhand\qtnew\qtnew\x64\debug\moc_qtnew.obj
c:\users\16118\desktop\stk二次开发\stk-inhand\qtnew\qtnew\x64\debug\moc_qstkearth.obj
c:\users\16118\desktop\stk二次开发\stk-inhand\qtnew\qtnew\x64\debug\moc\moc_qstkearth.cpp
c:\users\16118\desktop\stk二次开发\stk-inhand\qtnew\qtnew\x64\debug\moc\moc_qtnew.cpp
c:\users\16118\desktop\stk二次开发\stk-inhand\qtnew\qtnew\x64\debug\uic\ui_qtnew.h
c:\users\16118\desktop\stk二次开发\stk-inhand\qtnew\qtnew\x64\debug\rcc\qrc_qtnew.cpp
c:\users\16118\desktop\stk二次开发\stk-inhand\qtnew\qtnew\x64\debug\qtnew.tlog\cl.command.1.tlog
c:\users\16118\desktop\stk二次开发\stk-inhand\qtnew\qtnew\x64\debug\qtnew.tlog\cl.read.1.tlog
c:\users\16118\desktop\stk二次开发\stk-inhand\qtnew\qtnew\x64\debug\qtnew.tlog\cl.write.1.tlog
c:\users\16118\desktop\stk二次开发\stk-inhand\qtnew\qtnew\x64\debug\qtnew.tlog\link.command.1.tlog
c:\users\16118\desktop\stk二次开发\stk-inhand\qtnew\qtnew\x64\debug\qtnew.tlog\link.read.1.tlog
c:\users\16118\desktop\stk二次开发\stk-inhand\qtnew\qtnew\x64\debug\qtnew.tlog\link.write.1.tlog
c:\users\16118\desktop\stk二次开发\stk-inhand\qtnew\qtnew\x64\debug\qtnew.tlog\moc.read.1u.tlog
c:\users\16118\desktop\stk二次开发\stk-inhand\qtnew\qtnew\x64\debug\qtnew.tlog\moc.write.1u.tlog
c:\users\16118\desktop\stk二次开发\stk-inhand\qtnew\qtnew\x64\debug\qtnew.tlog\qtnew.write.1u.tlog
c:\users\16118\desktop\stk二次开发\stk-inhand\qtnew\qtnew\x64\debug\qtnew.tlog\rcc.read.1u.tlog
c:\users\16118\desktop\stk二次开发\stk-inhand\qtnew\qtnew\x64\debug\qtnew.tlog\rcc.write.1u.tlog
c:\users\16118\desktop\stk二次开发\stk-inhand\qtnew\qtnew\x64\debug\qtnew.tlog\uic.read.1u.tlog
c:\users\16118\desktop\stk二次开发\stk-inhand\qtnew\qtnew\x64\debug\qtnew.tlog\uic.write.1u.tlog
